c:\users\denis\desktop\practica_final_denis_gudiña_nuñez\bubbletrouble\pong\debug\vc141.pdb
c:\users\denis\desktop\practica_final_denis_gudiña_nuñez\bubbletrouble\pong\debug\vc141.idb
c:\users\denis\desktop\practica_final_denis_gudiña_nuñez\bubbletrouble\pong\debug\solido.obj
c:\users\denis\desktop\practica_final_denis_gudiña_nuñez\bubbletrouble\pong\debug\pared.obj
c:\users\denis\desktop\practica_final_denis_gudiña_nuñez\bubbletrouble\pong\debug\main.obj
c:\users\denis\desktop\practica_final_denis_gudiña_nuñez\bubbletrouble\pong\debug\esfera.obj
c:\users\denis\desktop\practica_final_denis_gudiña_nuñez\bubbletrouble\pong\debug\escena.obj
c:\users\denis\desktop\practica_final_denis_gudiña_nuñez\bubbletrouble\pong\debug\cubo.obj
c:\users\denis\desktop\practica_final_denis_gudiña_nuñez\bubbletrouble\pong\debug\cilindro.obj
c:\users\denis\desktop\practica_final_denis_gudiña_nuñez\bubbletrouble\pong\debug\pelota.obj
c:\users\denis\desktop\practica_final_denis_gudiña_nuñez\bubbletrouble\pong\debug\jugador.obj
c:\users\denis\desktop\practica_final_denis_gudiña_nuñez\bubbletrouble\pong\debug\bala.obj
c:\users\denis\desktop\practica_final_denis_gudiña_nuñez\bubbletrouble\pong\debug\vector3d.obj
c:\users\denis\desktop\practica_final_denis_gudiña_nuñez\bubbletrouble\pong\debug\camara.obj
c:\users\denis\desktop\practica_final_denis_gudiña_nuñez\bubbletrouble\debug\bubbletrouble.exe
c:\users\denis\desktop\practica_final_denis_gudiña_nuñez\bubbletrouble\debug\bubbletrouble.ilk
c:\users\denis\desktop\practica_final_denis_gudiña_nuñez\bubbletrouble\debug\bubbletrouble.pdb
c:\users\denis\desktop\practica_final_denis_gudiña_nuñez\bubbletrouble\pong\debug\bubbletrouble.tlog\cl.command.1.tlog
c:\users\denis\desktop\practica_final_denis_gudiña_nuñez\bubbletrouble\pong\debug\bubbletrouble.tlog\cl.read.1.tlog
c:\users\denis\desktop\practica_final_denis_gudiña_nuñez\bubbletrouble\pong\debug\bubbletrouble.tlog\cl.write.1.tlog
c:\users\denis\desktop\practica_final_denis_gudiña_nuñez\bubbletrouble\pong\debug\bubbletrouble.tlog\link.command.1.tlog
c:\users\denis\desktop\practica_final_denis_gudiña_nuñez\bubbletrouble\pong\debug\bubbletrouble.tlog\link.read.1.tlog
c:\users\denis\desktop\practica_final_denis_gudiña_nuñez\bubbletrouble\pong\debug\bubbletrouble.tlog\link.write.1.tlog
