C:\Program Files (x86)\Microsoft Visual Studio\2017\Community\Common7\IDE\VC\VCTargets\Microsoft.CppBuild.targets(391,5): warning MSB8028: El directorio intermedio (Debug\) contiene archivos compartidos de otro proyecto (Pong.vcxproj). Esto puede dar lugar a un comportamiento incorrecto de limpieza y recompilación.
  Bala.cpp
c:\users\denis\desktop\pang-c++\bubbletrouble\pong\bala.cpp(9): warning C4244: 'argumento': conversión de 'double' a 'GLfloat'; posible pérdida de datos
c:\users\denis\desktop\pang-c++\bubbletrouble\pong\bala.cpp(11): warning C4244: 'argumento': conversión de 'double' a 'GLfloat'; posible pérdida de datos
  camara.cpp
c:\users\denis\desktop\pang-c++\bubbletrouble\pong\camara.h(22): warning C4244: 'argumento': conversión de 'double' a 'GLfloat'; posible pérdida de datos
c:\users\denis\desktop\pang-c++\bubbletrouble\pong\camara.h(23): warning C4244: 'argumento': conversión de 'double' a 'GLfloat'; posible pérdida de datos
c:\users\denis\desktop\pang-c++\bubbletrouble\pong\camara.h(24): warning C4244: 'argumento': conversión de 'double' a 'GLfloat'; posible pérdida de datos
c:\users\denis\desktop\pang-c++\bubbletrouble\pong\camara.h(25): warning C4244: 'argumento': conversión de 'double' a 'GLfloat'; posible pérdida de datos
c:\users\denis\desktop\pang-c++\bubbletrouble\pong\camara.h(37): warning C4244: 'argumento': conversión de 'double' a 'GLfloat'; posible pérdida de datos
c:\users\denis\desktop\pang-c++\bubbletrouble\pong\camara.h(38): warning C4244: 'argumento': conversión de 'double' a 'GLfloat'; posible pérdida de datos
c:\users\denis\desktop\pang-c++\bubbletrouble\pong\camara.h(39): warning C4244: 'argumento': conversión de 'double' a 'GLfloat'; posible pérdida de datos
c:\users\denis\desktop\pang-c++\bubbletrouble\pong\camara.h(40): warning C4244: 'argumento': conversión de 'double' a 'GLfloat'; posible pérdida de datos
  cilindro.cpp
c:\users\denis\desktop\pang-c++\bubbletrouble\pong\cilindro.cpp(14): warning C4244: 'argumento': conversión de 'double' a 'GLfloat'; posible pérdida de datos
c:\users\denis\desktop\pang-c++\bubbletrouble\pong\cilindro.cpp(15): warning C4244: 'argumento': conversión de 'double' a 'GLfloat'; posible pérdida de datos
  cubo.cpp
c:\users\denis\desktop\pang-c++\bubbletrouble\pong\cubo.cpp(7): warning C4244: 'argumento': conversión de 'double' a 'GLfloat'; posible pérdida de datos
c:\users\denis\desktop\pang-c++\bubbletrouble\pong\cubo.cpp(9): warning C4244: 'argumento': conversión de 'double' a 'GLfloat'; posible pérdida de datos
  escena.cpp
c:\users\denis\desktop\pang-c++\bubbletrouble\pong\pared.h(17): warning C4244: 'argumento': conversión de 'double' a 'GLfloat'; posible pérdida de datos
c:\users\denis\desktop\pang-c++\bubbletrouble\pong\pared.h(18): warning C4244: 'argumento': conversión de 'double' a 'GLfloat'; posible pérdida de datos
c:\users\denis\desktop\pang-c++\bubbletrouble\pong\pared.h(19): warning C4244: 'argumento': conversión de 'int' a 'GLfloat'; posible pérdida de datos
c:\users\denis\desktop\pang-c++\bubbletrouble\pong\pared.h(20): warning C4244: 'argumento': conversión de 'double' a 'GLfloat'; posible pérdida de datos
c:\users\denis\desktop\pang-c++\bubbletrouble\pong\pared.h(21): warning C4244: 'argumento': conversión de 'double' a 'GLfloat'; posible pérdida de datos
c:\users\denis\desktop\pang-c++\bubbletrouble\pong\escena.cpp(123): warning C4018: '<': no coinciden signed/unsigned
  esfera.cpp
c:\users\denis\desktop\pang-c++\bubbletrouble\pong\esfera.cpp(8): warning C4244: 'argumento': conversión de 'double' a 'GLfloat'; posible pérdida de datos
c:\users\denis\desktop\pang-c++\bubbletrouble\pong\esfera.cpp(10): warning C4244: 'argumento': conversión de 'double' a 'GLfloat'; posible pérdida de datos
  Jugador.cpp
c:\users\denis\desktop\pang-c++\bubbletrouble\pong\jugador.cpp(9): warning C4244: 'argumento': conversión de 'double' a 'GLfloat'; posible pérdida de datos
c:\users\denis\desktop\pang-c++\bubbletrouble\pong\jugador.cpp(11): warning C4244: 'argumento': conversión de 'double' a 'GLfloat'; posible pérdida de datos
  main.cpp
c:\users\denis\desktop\pang-c++\bubbletrouble\pong\pared.h(17): warning C4244: 'argumento': conversión de 'double' a 'GLfloat'; posible pérdida de datos
c:\users\denis\desktop\pang-c++\bubbletrouble\pong\pared.h(18): warning C4244: 'argumento': conversión de 'double' a 'GLfloat'; posible pérdida de datos
c:\users\denis\desktop\pang-c++\bubbletrouble\pong\pared.h(19): warning C4244: 'argumento': conversión de 'int' a 'GLfloat'; posible pérdida de datos
c:\users\denis\desktop\pang-c++\bubbletrouble\pong\pared.h(20): warning C4244: 'argumento': conversión de 'double' a 'GLfloat'; posible pérdida de datos
c:\users\denis\desktop\pang-c++\bubbletrouble\pong\pared.h(21): warning C4244: 'argumento': conversión de 'double' a 'GLfloat'; posible pérdida de datos
c:\users\denis\desktop\pang-c++\bubbletrouble\pong\camara.h(22): warning C4244: 'argumento': conversión de 'double' a 'GLfloat'; posible pérdida de datos
c:\users\denis\desktop\pang-c++\bubbletrouble\pong\camara.h(23): warning C4244: 'argumento': conversión de 'double' a 'GLfloat'; posible pérdida de datos
c:\users\denis\desktop\pang-c++\bubbletrouble\pong\camara.h(24): warning C4244: 'argumento': conversión de 'double' a 'GLfloat'; posible pérdida de datos
c:\users\denis\desktop\pang-c++\bubbletrouble\pong\camara.h(25): warning C4244: 'argumento': conversión de 'double' a 'GLfloat'; posible pérdida de datos
c:\users\denis\desktop\pang-c++\bubbletrouble\pong\camara.h(37): warning C4244: 'argumento': conversión de 'double' a 'GLfloat'; posible pérdida de datos
c:\users\denis\desktop\pang-c++\bubbletrouble\pong\camara.h(38): warning C4244: 'argumento': conversión de 'double' a 'GLfloat'; posible pérdida de datos
c:\users\denis\desktop\pang-c++\bubbletrouble\pong\camara.h(39): warning C4244: 'argumento': conversión de 'double' a 'GLfloat'; posible pérdida de datos
c:\users\denis\desktop\pang-c++\bubbletrouble\pong\camara.h(40): warning C4244: 'argumento': conversión de 'double' a 'GLfloat'; posible pérdida de datos
c:\users\denis\desktop\pang-c++\bubbletrouble\pong\main.cpp(253): warning C4101: 'x': variable local sin referencia
c:\users\denis\desktop\pang-c++\bubbletrouble\pong\main.cpp(406): warning C4805: '!=': combinación no segura del tipo 'double' y el tipo 'bool' en la operación
  pared.cpp
c:\users\denis\desktop\pang-c++\bubbletrouble\pong\pared.h(17): warning C4244: 'argumento': conversión de 'double' a 'GLfloat'; posible pérdida de datos
c:\users\denis\desktop\pang-c++\bubbletrouble\pong\pared.h(18): warning C4244: 'argumento': conversión de 'double' a 'GLfloat'; posible pérdida de datos
c:\users\denis\desktop\pang-c++\bubbletrouble\pong\pared.h(19): warning C4244: 'argumento': conversión de 'int' a 'GLfloat'; posible pérdida de datos
c:\users\denis\desktop\pang-c++\bubbletrouble\pong\pared.h(20): warning C4244: 'argumento': conversión de 'double' a 'GLfloat'; posible pérdida de datos
c:\users\denis\desktop\pang-c++\bubbletrouble\pong\pared.h(21): warning C4244: 'argumento': conversión de 'double' a 'GLfloat'; posible pérdida de datos
  Pelota.cpp
c:\users\denis\desktop\pang-c++\bubbletrouble\pong\pelota.cpp(9): warning C4244: 'argumento': conversión de 'double' a 'GLfloat'; posible pérdida de datos
c:\users\denis\desktop\pang-c++\bubbletrouble\pong\pelota.cpp(11): warning C4244: 'argumento': conversión de 'double' a 'GLfloat'; posible pérdida de datos
  solido.cpp
  vector3d.cpp
  Generando código...
c:\users\denis\desktop\pang-c++\bubbletrouble\pong\main.cpp(84): warning C4715: 'decide': no todas las rutas de acceso de control devuelven un valor
  Pong.vcxproj -> C:\Users\denis\Desktop\Practica_Final_Denis_Gudiña_Nuñez\BubbleTrouble\Release\BubbleTrouble.exe
