C:\Program Files (x86)\Microsoft Visual Studio\2017\Community\Common7\IDE\VC\VCTargets\Microsoft.CppBuild.targets(391,5): warning MSB8028: El directorio intermedio (Release\) contiene archivos compartidos de otro proyecto (Pong.vcxproj). Esto puede dar lugar a un comportamiento incorrecto de limpieza y recompilación.
  main.cpp
c:\users\denis\desktop\practica_final_denis_gudiña_nuñez\bubbletrouble\pong\pared.h(16): warning C4244: 'argumento': conversión de 'double' a 'GLfloat'; posible pérdida de datos
c:\users\denis\desktop\practica_final_denis_gudiña_nuñez\bubbletrouble\pong\pared.h(17): warning C4244: 'argumento': conversión de 'double' a 'GLfloat'; posible pérdida de datos
c:\users\denis\desktop\practica_final_denis_gudiña_nuñez\bubbletrouble\pong\pared.h(18): warning C4244: 'argumento': conversión de 'int' a 'GLfloat'; posible pérdida de datos
c:\users\denis\desktop\practica_final_denis_gudiña_nuñez\bubbletrouble\pong\pared.h(19): warning C4244: 'argumento': conversión de 'double' a 'GLfloat'; posible pérdida de datos
c:\users\denis\desktop\practica_final_denis_gudiña_nuñez\bubbletrouble\pong\pared.h(20): warning C4244: 'argumento': conversión de 'double' a 'GLfloat'; posible pérdida de datos
c:\users\denis\desktop\practica_final_denis_gudiña_nuñez\bubbletrouble\pong\camara.h(22): warning C4244: 'argumento': conversión de 'double' a 'GLfloat'; posible pérdida de datos
c:\users\denis\desktop\practica_final_denis_gudiña_nuñez\bubbletrouble\pong\camara.h(23): warning C4244: 'argumento': conversión de 'double' a 'GLfloat'; posible pérdida de datos
c:\users\denis\desktop\practica_final_denis_gudiña_nuñez\bubbletrouble\pong\camara.h(24): warning C4244: 'argumento': conversión de 'double' a 'GLfloat'; posible pérdida de datos
c:\users\denis\desktop\practica_final_denis_gudiña_nuñez\bubbletrouble\pong\camara.h(25): warning C4244: 'argumento': conversión de 'double' a 'GLfloat'; posible pérdida de datos
c:\users\denis\desktop\practica_final_denis_gudiña_nuñez\bubbletrouble\pong\camara.h(37): warning C4244: 'argumento': conversión de 'double' a 'GLfloat'; posible pérdida de datos
c:\users\denis\desktop\practica_final_denis_gudiña_nuñez\bubbletrouble\pong\camara.h(38): warning C4244: 'argumento': conversión de 'double' a 'GLfloat'; posible pérdida de datos
c:\users\denis\desktop\practica_final_denis_gudiña_nuñez\bubbletrouble\pong\camara.h(39): warning C4244: 'argumento': conversión de 'double' a 'GLfloat'; posible pérdida de datos
c:\users\denis\desktop\practica_final_denis_gudiña_nuñez\bubbletrouble\pong\camara.h(40): warning C4244: 'argumento': conversión de 'double' a 'GLfloat'; posible pérdida de datos
c:\users\denis\desktop\practica_final_denis_gudiña_nuñez\bubbletrouble\pong\main.cpp(175): warning C4101: 'x': variable local sin referencia
c:\users\denis\desktop\practica_final_denis_gudiña_nuñez\bubbletrouble\pong\main.cpp(325): warning C4805: '!=': combinación no segura del tipo 'double' y el tipo 'bool' en la operación
  Generando código
  All 690 functions were compiled because no usable IPDB/IOBJ from previous compilation was found.
  Generación de código finalizada
  Pong.vcxproj -> C:\Users\denis\Desktop\Practica_Final_Denis_Gudiña_Nuñez\BubbleTrouble\Release\BubbleTrouble.exe
